  [1m[36m (27.2ms)[0m  [1mCREATE TABLE "schema_migrations" ("version" varchar(255) NOT NULL) [0m
  [1m[35m (0.1ms)[0m  select sqlite_version(*)
  [1m[36m (1.4ms)[0m  [1mCREATE UNIQUE INDEX "unique_schema_migrations" ON "schema_migrations" ("version")[0m
  [1m[35mActiveRecord::SchemaMigration Load (0.1ms)[0m  SELECT "schema_migrations".* FROM "schema_migrations"
Migrating to CreateDdrAlertsMessages (20141215160128)
  [1m[36m (0.1ms)[0m  [1mbegin transaction[0m
  [1m[35m (0.5ms)[0m  CREATE TABLE "ddr_alerts_messages" ("id" INTEGER PRIMARY KEY AUTOINCREMENT NOT NULL, "message" text, "active" boolean DEFAULT 'f', "created_at" datetime, "updated_at" datetime) 
  [1m[36mSQL (0.2ms)[0m  [1mINSERT INTO "schema_migrations" ("version") VALUES (?)[0m  [["version", "20141215160128"]]
  [1m[35m (1.1ms)[0m  commit transaction
Migrating to CreateDdrAlertsMessageContexts (20141215161516)
  [1m[36m (0.1ms)[0m  [1mbegin transaction[0m
  [1m[35m (0.3ms)[0m  CREATE TABLE "ddr_alerts_message_contexts" ("id" INTEGER PRIMARY KEY AUTOINCREMENT NOT NULL, "message_id" integer, "context" varchar(255), "created_at" datetime, "updated_at" datetime) 
  [1m[36m (0.1ms)[0m  [1mCREATE  INDEX "index_ddr_alerts_message_contexts_on_message_id" ON "ddr_alerts_message_contexts" ("message_id")[0m
  [1m[35mSQL (0.1ms)[0m  INSERT INTO "schema_migrations" ("version") VALUES (?)  [["version", "20141215161516"]]
  [1m[36m (1.1ms)[0m  [1mcommit transaction[0m
  [1m[35mActiveRecord::SchemaMigration Load (0.1ms)[0m  SELECT "schema_migrations".* FROM "schema_migrations"
  [1m[36m (0.1ms)[0m  [1m            SELECT sql
            FROM sqlite_master
            WHERE name='index_ddr_alerts_message_contexts_on_message_id' AND type='index'
            UNION ALL
            SELECT sql
            FROM sqlite_temp_master
            WHERE name='index_ddr_alerts_message_contexts_on_message_id' AND type='index'
[0m
  [1m[35m (1.0ms)[0m  CREATE TABLE "ddr_alerts_message_contexts" ("id" INTEGER PRIMARY KEY AUTOINCREMENT NOT NULL, "message_id" integer, "context" varchar(255), "created_at" datetime, "updated_at" datetime) 
  [1m[36m (0.0ms)[0m  [1mselect sqlite_version(*)[0m
  [1m[35m (0.9ms)[0m  CREATE  INDEX "index_ddr_alerts_message_contexts_on_message_id" ON "ddr_alerts_message_contexts" ("message_id")
  [1m[36m (0.9ms)[0m  [1mCREATE TABLE "ddr_alerts_messages" ("id" INTEGER PRIMARY KEY AUTOINCREMENT NOT NULL, "message" text, "active" boolean DEFAULT 'f', "created_at" datetime, "updated_at" datetime) [0m
  [1m[35m (0.9ms)[0m  CREATE TABLE "schema_migrations" ("version" varchar(255) NOT NULL) 
  [1m[36m (0.9ms)[0m  [1mCREATE UNIQUE INDEX "unique_schema_migrations" ON "schema_migrations" ("version")[0m
  [1m[35m (0.1ms)[0m  SELECT version FROM "schema_migrations"
  [1m[36m (0.9ms)[0m  [1mINSERT INTO "schema_migrations" (version) VALUES ('20141215161516')[0m
  [1m[35m (1.0ms)[0m  INSERT INTO "schema_migrations" (version) VALUES ('20141215160128')
  [1m[36mActiveRecord::SchemaMigration Load (0.4ms)[0m  [1mSELECT "schema_migrations".* FROM "schema_migrations"[0m
  [1m[35mActiveRecord::SchemaMigration Load (0.1ms)[0m  SELECT "schema_migrations".* FROM "schema_migrations"
  [1m[36m (0.2ms)[0m  [1m            SELECT sql
            FROM sqlite_master
            WHERE name='index_ddr_alerts_message_contexts_on_message_id' AND type='index'
            UNION ALL
            SELECT sql
            FROM sqlite_temp_master
            WHERE name='index_ddr_alerts_message_contexts_on_message_id' AND type='index'
[0m
  [1m[35m (1.5ms)[0m  CREATE TABLE "ddr_alerts_message_contexts" ("id" INTEGER PRIMARY KEY AUTOINCREMENT NOT NULL, "message_id" integer, "context" varchar(255), "created_at" datetime, "updated_at" datetime) 
  [1m[36m (0.1ms)[0m  [1mselect sqlite_version(*)[0m
  [1m[35m (1.3ms)[0m  CREATE  INDEX "index_ddr_alerts_message_contexts_on_message_id" ON "ddr_alerts_message_contexts" ("message_id")
  [1m[36m (1.4ms)[0m  [1mCREATE TABLE "ddr_alerts_messages" ("id" INTEGER PRIMARY KEY AUTOINCREMENT NOT NULL, "message" text, "active" boolean DEFAULT 'f', "created_at" datetime, "updated_at" datetime) [0m
  [1m[35m (1.3ms)[0m  CREATE TABLE "schema_migrations" ("version" varchar(255) NOT NULL) 
  [1m[36m (1.1ms)[0m  [1mCREATE UNIQUE INDEX "unique_schema_migrations" ON "schema_migrations" ("version")[0m
  [1m[35m (0.1ms)[0m  SELECT version FROM "schema_migrations"
  [1m[36m (1.3ms)[0m  [1mINSERT INTO "schema_migrations" (version) VALUES ('20141215161516')[0m
  [1m[35m (1.4ms)[0m  INSERT INTO "schema_migrations" (version) VALUES ('20141215160128')
  [1m[36mActiveRecord::SchemaMigration Load (12.9ms)[0m  [1mSELECT "schema_migrations".* FROM "schema_migrations"[0m
  [1m[35mActiveRecord::SchemaMigration Load (0.1ms)[0m  SELECT "schema_migrations".* FROM "schema_migrations"
  [1m[36m (0.1ms)[0m  [1m            SELECT sql
            FROM sqlite_master
            WHERE name='index_ddr_alerts_message_contexts_on_message_id' AND type='index'
            UNION ALL
            SELECT sql
            FROM sqlite_temp_master
            WHERE name='index_ddr_alerts_message_contexts_on_message_id' AND type='index'
[0m
  [1m[35m (31.2ms)[0m  CREATE TABLE "ddr_alerts_message_contexts" ("id" INTEGER PRIMARY KEY AUTOINCREMENT NOT NULL, "message_id" integer, "context" varchar(255), "created_at" datetime, "updated_at" datetime) 
  [1m[36m (0.1ms)[0m  [1mselect sqlite_version(*)[0m
  [1m[35m (2.0ms)[0m  CREATE  INDEX "index_ddr_alerts_message_contexts_on_message_id" ON "ddr_alerts_message_contexts" ("message_id")
  [1m[36m (1.5ms)[0m  [1mCREATE TABLE "ddr_alerts_messages" ("id" INTEGER PRIMARY KEY AUTOINCREMENT NOT NULL, "message" text, "active" boolean DEFAULT 'f', "created_at" datetime, "updated_at" datetime) [0m
  [1m[35m (1.2ms)[0m  CREATE TABLE "schema_migrations" ("version" varchar(255) NOT NULL) 
  [1m[36m (1.1ms)[0m  [1mCREATE UNIQUE INDEX "unique_schema_migrations" ON "schema_migrations" ("version")[0m
  [1m[35m (0.1ms)[0m  SELECT version FROM "schema_migrations"
  [1m[36m (1.2ms)[0m  [1mINSERT INTO "schema_migrations" (version) VALUES ('20141215161516')[0m
  [1m[35m (1.1ms)[0m  INSERT INTO "schema_migrations" (version) VALUES ('20141215160128')
  [1m[36mActiveRecord::SchemaMigration Load (0.1ms)[0m  [1mSELECT "schema_migrations".* FROM "schema_migrations"[0m
  [1m[35mActiveRecord::SchemaMigration Load (0.1ms)[0m  SELECT "schema_migrations".* FROM "schema_migrations"
  [1m[36m (0.1ms)[0m  [1m            SELECT sql
            FROM sqlite_master
            WHERE name='index_ddr_alerts_message_contexts_on_message_id' AND type='index'
            UNION ALL
            SELECT sql
            FROM sqlite_temp_master
            WHERE name='index_ddr_alerts_message_contexts_on_message_id' AND type='index'
[0m
  [1m[35m (1.2ms)[0m  CREATE TABLE "ddr_alerts_message_contexts" ("id" INTEGER PRIMARY KEY AUTOINCREMENT NOT NULL, "message_id" integer, "context" varchar(255), "created_at" datetime, "updated_at" datetime) 
  [1m[36m (0.0ms)[0m  [1mselect sqlite_version(*)[0m
  [1m[35m (1.9ms)[0m  CREATE  INDEX "index_ddr_alerts_message_contexts_on_message_id" ON "ddr_alerts_message_contexts" ("message_id")
  [1m[36m (1.1ms)[0m  [1mCREATE TABLE "ddr_alerts_messages" ("id" INTEGER PRIMARY KEY AUTOINCREMENT NOT NULL, "message" text, "active" boolean DEFAULT 'f', "created_at" datetime, "updated_at" datetime) [0m
  [1m[35m (13.9ms)[0m  CREATE TABLE "schema_migrations" ("version" varchar(255) NOT NULL) 
  [1m[36m (71.8ms)[0m  [1mCREATE UNIQUE INDEX "unique_schema_migrations" ON "schema_migrations" ("version")[0m
  [1m[35m (0.2ms)[0m  SELECT version FROM "schema_migrations"
  [1m[36m (1.4ms)[0m  [1mINSERT INTO "schema_migrations" (version) VALUES ('20141215161516')[0m
  [1m[35m (1.2ms)[0m  INSERT INTO "schema_migrations" (version) VALUES ('20141215160128')
  [1m[36mActiveRecord::SchemaMigration Load (0.1ms)[0m  [1mSELECT "schema_migrations".* FROM "schema_migrations"[0m
  [1m[35mActiveRecord::SchemaMigration Load (0.1ms)[0m  SELECT "schema_migrations".* FROM "schema_migrations"
  [1m[36m (0.1ms)[0m  [1m            SELECT sql
            FROM sqlite_master
            WHERE name='index_ddr_alerts_message_contexts_on_message_id' AND type='index'
            UNION ALL
            SELECT sql
            FROM sqlite_temp_master
            WHERE name='index_ddr_alerts_message_contexts_on_message_id' AND type='index'
[0m
  [1m[35m (1.6ms)[0m  CREATE TABLE "ddr_alerts_message_contexts" ("id" INTEGER PRIMARY KEY AUTOINCREMENT NOT NULL, "message_id" integer, "context" varchar(255), "created_at" datetime, "updated_at" datetime) 
  [1m[36m (0.1ms)[0m  [1mselect sqlite_version(*)[0m
  [1m[35m (1.0ms)[0m  CREATE  INDEX "index_ddr_alerts_message_contexts_on_message_id" ON "ddr_alerts_message_contexts" ("message_id")
  [1m[36m (1.0ms)[0m  [1mCREATE TABLE "ddr_alerts_messages" ("id" INTEGER PRIMARY KEY AUTOINCREMENT NOT NULL, "message" text, "active" boolean DEFAULT 'f', "created_at" datetime, "updated_at" datetime) [0m
  [1m[35m (1.0ms)[0m  CREATE TABLE "schema_migrations" ("version" varchar(255) NOT NULL) 
  [1m[36m (0.9ms)[0m  [1mCREATE UNIQUE INDEX "unique_schema_migrations" ON "schema_migrations" ("version")[0m
  [1m[35m (0.1ms)[0m  SELECT version FROM "schema_migrations"
  [1m[36m (1.1ms)[0m  [1mINSERT INTO "schema_migrations" (version) VALUES ('20141215161516')[0m
  [1m[35m (1.5ms)[0m  INSERT INTO "schema_migrations" (version) VALUES ('20141215160128')
  [1m[36mActiveRecord::SchemaMigration Load (0.1ms)[0m  [1mSELECT "schema_migrations".* FROM "schema_migrations"[0m
  [1m[35mActiveRecord::SchemaMigration Load (0.1ms)[0m  SELECT "schema_migrations".* FROM "schema_migrations"
  [1m[36m (0.1ms)[0m  [1m            SELECT sql
            FROM sqlite_master
            WHERE name='index_ddr_alerts_message_contexts_on_message_id' AND type='index'
            UNION ALL
            SELECT sql
            FROM sqlite_temp_master
            WHERE name='index_ddr_alerts_message_contexts_on_message_id' AND type='index'
[0m
  [1m[35m (1.8ms)[0m  CREATE TABLE "ddr_alerts_message_contexts" ("id" INTEGER PRIMARY KEY AUTOINCREMENT NOT NULL, "message_id" integer, "context" varchar(255), "created_at" datetime, "updated_at" datetime) 
  [1m[36m (0.1ms)[0m  [1mselect sqlite_version(*)[0m
  [1m[35m (1.2ms)[0m  CREATE  INDEX "index_ddr_alerts_message_contexts_on_message_id" ON "ddr_alerts_message_contexts" ("message_id")
  [1m[36m (1.2ms)[0m  [1mCREATE TABLE "ddr_alerts_messages" ("id" INTEGER PRIMARY KEY AUTOINCREMENT NOT NULL, "message" text, "active" boolean DEFAULT 'f', "created_at" datetime, "updated_at" datetime) [0m
  [1m[35m (1.1ms)[0m  CREATE TABLE "schema_migrations" ("version" varchar(255) NOT NULL) 
  [1m[36m (0.9ms)[0m  [1mCREATE UNIQUE INDEX "unique_schema_migrations" ON "schema_migrations" ("version")[0m
  [1m[35m (0.1ms)[0m  SELECT version FROM "schema_migrations"
  [1m[36m (1.6ms)[0m  [1mINSERT INTO "schema_migrations" (version) VALUES ('20141215161516')[0m
  [1m[35m (1.1ms)[0m  INSERT INTO "schema_migrations" (version) VALUES ('20141215160128')
  [1m[36mActiveRecord::SchemaMigration Load (0.1ms)[0m  [1mSELECT "schema_migrations".* FROM "schema_migrations"[0m
  [1m[35mActiveRecord::SchemaMigration Load (0.1ms)[0m  SELECT "schema_migrations".* FROM "schema_migrations"
  [1m[36m (0.1ms)[0m  [1m            SELECT sql
            FROM sqlite_master
            WHERE name='index_ddr_alerts_message_contexts_on_message_id' AND type='index'
            UNION ALL
            SELECT sql
            FROM sqlite_temp_master
            WHERE name='index_ddr_alerts_message_contexts_on_message_id' AND type='index'
[0m
  [1m[35m (2.0ms)[0m  CREATE TABLE "ddr_alerts_message_contexts" ("id" INTEGER PRIMARY KEY AUTOINCREMENT NOT NULL, "message_id" integer, "context" varchar(255), "created_at" datetime, "updated_at" datetime) 
  [1m[36m (0.1ms)[0m  [1mselect sqlite_version(*)[0m
  [1m[35m (3.9ms)[0m  CREATE  INDEX "index_ddr_alerts_message_contexts_on_message_id" ON "ddr_alerts_message_contexts" ("message_id")
  [1m[36m (1.1ms)[0m  [1mCREATE TABLE "ddr_alerts_messages" ("id" INTEGER PRIMARY KEY AUTOINCREMENT NOT NULL, "message" text, "active" boolean DEFAULT 'f', "created_at" datetime, "updated_at" datetime) [0m
  [1m[35m (1.1ms)[0m  CREATE TABLE "schema_migrations" ("version" varchar(255) NOT NULL) 
  [1m[36m (0.9ms)[0m  [1mCREATE UNIQUE INDEX "unique_schema_migrations" ON "schema_migrations" ("version")[0m
  [1m[35m (0.1ms)[0m  SELECT version FROM "schema_migrations"
  [1m[36m (0.9ms)[0m  [1mINSERT INTO "schema_migrations" (version) VALUES ('20141215161516')[0m
  [1m[35m (1.0ms)[0m  INSERT INTO "schema_migrations" (version) VALUES ('20141215160128')
  [1m[36mActiveRecord::SchemaMigration Load (0.1ms)[0m  [1mSELECT "schema_migrations".* FROM "schema_migrations"[0m
  [1m[35mActiveRecord::SchemaMigration Load (0.1ms)[0m  SELECT "schema_migrations".* FROM "schema_migrations"
  [1m[36m (0.1ms)[0m  [1m            SELECT sql
            FROM sqlite_master
            WHERE name='index_ddr_alerts_message_contexts_on_message_id' AND type='index'
            UNION ALL
            SELECT sql
            FROM sqlite_temp_master
            WHERE name='index_ddr_alerts_message_contexts_on_message_id' AND type='index'
[0m
  [1m[35m (1.4ms)[0m  CREATE TABLE "ddr_alerts_message_contexts" ("id" INTEGER PRIMARY KEY AUTOINCREMENT NOT NULL, "message_id" integer, "context" varchar(255), "created_at" datetime, "updated_at" datetime) 
  [1m[36m (0.1ms)[0m  [1mselect sqlite_version(*)[0m
  [1m[35m (1.2ms)[0m  CREATE  INDEX "index_ddr_alerts_message_contexts_on_message_id" ON "ddr_alerts_message_contexts" ("message_id")
  [1m[36m (1.1ms)[0m  [1mCREATE TABLE "ddr_alerts_messages" ("id" INTEGER PRIMARY KEY AUTOINCREMENT NOT NULL, "message" text, "active" boolean DEFAULT 'f', "created_at" datetime, "updated_at" datetime) [0m
  [1m[35m (0.9ms)[0m  CREATE TABLE "schema_migrations" ("version" varchar(255) NOT NULL) 
  [1m[36m (0.9ms)[0m  [1mCREATE UNIQUE INDEX "unique_schema_migrations" ON "schema_migrations" ("version")[0m
  [1m[35m (0.1ms)[0m  SELECT version FROM "schema_migrations"
  [1m[36m (1.1ms)[0m  [1mINSERT INTO "schema_migrations" (version) VALUES ('20141215161516')[0m
  [1m[35m (1.0ms)[0m  INSERT INTO "schema_migrations" (version) VALUES ('20141215160128')
  [1m[36mActiveRecord::SchemaMigration Load (0.1ms)[0m  [1mSELECT "schema_migrations".* FROM "schema_migrations"[0m
  [1m[35mActiveRecord::SchemaMigration Load (0.1ms)[0m  SELECT "schema_migrations".* FROM "schema_migrations"
  [1m[36m (0.1ms)[0m  [1m            SELECT sql
            FROM sqlite_master
            WHERE name='index_ddr_alerts_message_contexts_on_message_id' AND type='index'
            UNION ALL
            SELECT sql
            FROM sqlite_temp_master
            WHERE name='index_ddr_alerts_message_contexts_on_message_id' AND type='index'
[0m
  [1m[35m (17.2ms)[0m  CREATE TABLE "ddr_alerts_message_contexts" ("id" INTEGER PRIMARY KEY AUTOINCREMENT NOT NULL, "message_id" integer, "context" varchar(255), "created_at" datetime, "updated_at" datetime) 
  [1m[36m (0.1ms)[0m  [1mselect sqlite_version(*)[0m
  [1m[35m (1.4ms)[0m  CREATE  INDEX "index_ddr_alerts_message_contexts_on_message_id" ON "ddr_alerts_message_contexts" ("message_id")
  [1m[36m (1.3ms)[0m  [1mCREATE TABLE "ddr_alerts_messages" ("id" INTEGER PRIMARY KEY AUTOINCREMENT NOT NULL, "message" text, "active" boolean DEFAULT 'f', "created_at" datetime, "updated_at" datetime) [0m
  [1m[35m (1.2ms)[0m  CREATE TABLE "schema_migrations" ("version" varchar(255) NOT NULL) 
  [1m[36m (1.1ms)[0m  [1mCREATE UNIQUE INDEX "unique_schema_migrations" ON "schema_migrations" ("version")[0m
  [1m[35m (0.1ms)[0m  SELECT version FROM "schema_migrations"
  [1m[36m (1.1ms)[0m  [1mINSERT INTO "schema_migrations" (version) VALUES ('20141215161516')[0m
  [1m[35m (1.4ms)[0m  INSERT INTO "schema_migrations" (version) VALUES ('20141215160128')
  [1m[36mActiveRecord::SchemaMigration Load (0.1ms)[0m  [1mSELECT "schema_migrations".* FROM "schema_migrations"[0m
  [1m[35mActiveRecord::SchemaMigration Load (0.1ms)[0m  SELECT "schema_migrations".* FROM "schema_migrations"
  [1m[36m (0.1ms)[0m  [1m            SELECT sql
            FROM sqlite_master
            WHERE name='index_ddr_alerts_message_contexts_on_message_id' AND type='index'
            UNION ALL
            SELECT sql
            FROM sqlite_temp_master
            WHERE name='index_ddr_alerts_message_contexts_on_message_id' AND type='index'
[0m
  [1m[35m (6.4ms)[0m  CREATE TABLE "ddr_alerts_message_contexts" ("id" INTEGER PRIMARY KEY AUTOINCREMENT NOT NULL, "message_id" integer, "context" varchar(255), "created_at" datetime, "updated_at" datetime) 
  [1m[36m (0.1ms)[0m  [1mselect sqlite_version(*)[0m
  [1m[35m (1.2ms)[0m  CREATE  INDEX "index_ddr_alerts_message_contexts_on_message_id" ON "ddr_alerts_message_contexts" ("message_id")
  [1m[36m (1.4ms)[0m  [1mCREATE TABLE "ddr_alerts_messages" ("id" INTEGER PRIMARY KEY AUTOINCREMENT NOT NULL, "message" text, "active" boolean DEFAULT 'f', "created_at" datetime, "updated_at" datetime) [0m
  [1m[35m (19.3ms)[0m  CREATE TABLE "schema_migrations" ("version" varchar(255) NOT NULL) 
  [1m[36m (1.3ms)[0m  [1mCREATE UNIQUE INDEX "unique_schema_migrations" ON "schema_migrations" ("version")[0m
  [1m[35m (0.1ms)[0m  SELECT version FROM "schema_migrations"
  [1m[36m (6.0ms)[0m  [1mINSERT INTO "schema_migrations" (version) VALUES ('20141215161516')[0m
  [1m[35m (1.4ms)[0m  INSERT INTO "schema_migrations" (version) VALUES ('20141215160128')
  [1m[36mActiveRecord::SchemaMigration Load (0.1ms)[0m  [1mSELECT "schema_migrations".* FROM "schema_migrations"[0m
  [1m[35mActiveRecord::SchemaMigration Load (0.1ms)[0m  SELECT "schema_migrations".* FROM "schema_migrations"
  [1m[36m (0.1ms)[0m  [1m            SELECT sql
            FROM sqlite_master
            WHERE name='index_ddr_alerts_message_contexts_on_message_id' AND type='index'
            UNION ALL
            SELECT sql
            FROM sqlite_temp_master
            WHERE name='index_ddr_alerts_message_contexts_on_message_id' AND type='index'
[0m
  [1m[35m (5.7ms)[0m  CREATE TABLE "ddr_alerts_message_contexts" ("id" INTEGER PRIMARY KEY AUTOINCREMENT NOT NULL, "message_id" integer, "context" varchar(255), "created_at" datetime, "updated_at" datetime) 
  [1m[36m (0.1ms)[0m  [1mselect sqlite_version(*)[0m
  [1m[35m (1.2ms)[0m  CREATE  INDEX "index_ddr_alerts_message_contexts_on_message_id" ON "ddr_alerts_message_contexts" ("message_id")
  [1m[36m (1.1ms)[0m  [1mCREATE TABLE "ddr_alerts_messages" ("id" INTEGER PRIMARY KEY AUTOINCREMENT NOT NULL, "message" text, "active" boolean DEFAULT 'f', "created_at" datetime, "updated_at" datetime) [0m
  [1m[35m (0.9ms)[0m  CREATE TABLE "schema_migrations" ("version" varchar(255) NOT NULL) 
  [1m[36m (1.0ms)[0m  [1mCREATE UNIQUE INDEX "unique_schema_migrations" ON "schema_migrations" ("version")[0m
  [1m[35m (0.1ms)[0m  SELECT version FROM "schema_migrations"
  [1m[36m (1.0ms)[0m  [1mINSERT INTO "schema_migrations" (version) VALUES ('20141215161516')[0m
  [1m[35m (1.0ms)[0m  INSERT INTO "schema_migrations" (version) VALUES ('20141215160128')
  [1m[36mActiveRecord::SchemaMigration Load (0.1ms)[0m  [1mSELECT "schema_migrations".* FROM "schema_migrations"[0m
  [1m[35mActiveRecord::SchemaMigration Load (0.1ms)[0m  SELECT "schema_migrations".* FROM "schema_migrations"
  [1m[36m (0.1ms)[0m  [1m            SELECT sql
            FROM sqlite_master
            WHERE name='index_ddr_alerts_message_contexts_on_message_id' AND type='index'
            UNION ALL
            SELECT sql
            FROM sqlite_temp_master
            WHERE name='index_ddr_alerts_message_contexts_on_message_id' AND type='index'
[0m
  [1m[35m (5.8ms)[0m  CREATE TABLE "ddr_alerts_message_contexts" ("id" INTEGER PRIMARY KEY AUTOINCREMENT NOT NULL, "message_id" integer, "context" varchar(255), "created_at" datetime, "updated_at" datetime) 
  [1m[36m (0.1ms)[0m  [1mselect sqlite_version(*)[0m
  [1m[35m (1.1ms)[0m  CREATE  INDEX "index_ddr_alerts_message_contexts_on_message_id" ON "ddr_alerts_message_contexts" ("message_id")
  [1m[36m (1.1ms)[0m  [1mCREATE TABLE "ddr_alerts_messages" ("id" INTEGER PRIMARY KEY AUTOINCREMENT NOT NULL, "message" text, "active" boolean DEFAULT 'f', "created_at" datetime, "updated_at" datetime) [0m
  [1m[35m (1.0ms)[0m  CREATE TABLE "schema_migrations" ("version" varchar(255) NOT NULL) 
  [1m[36m (0.9ms)[0m  [1mCREATE UNIQUE INDEX "unique_schema_migrations" ON "schema_migrations" ("version")[0m
  [1m[35m (0.1ms)[0m  SELECT version FROM "schema_migrations"
  [1m[36m (1.0ms)[0m  [1mINSERT INTO "schema_migrations" (version) VALUES ('20141215161516')[0m
  [1m[35m (1.1ms)[0m  INSERT INTO "schema_migrations" (version) VALUES ('20141215160128')
